<?xml version="1.0" encoding="UTF-8"?>
<testng-results ignored="0" total="1" passed="1" failed="0" skipped="0">
  <reporter-output>
  </reporter-output>
  <suite started-at="2023-02-26T10:58:29 IST" name="Default suite" finished-at="2023-02-26T10:58:39 IST" duration-ms="9951">
    <groups>
    </groups>
    <test started-at="2023-02-26T10:58:29 IST" name="Default test" finished-at="2023-02-26T10:58:39 IST" duration-ms="9951">
      <class name="TestCode.ExctractText">
        <test-method is-config="true" signature="setUp()[pri:0, instance:TestCode.ExctractText@1afd44cb]" started-at="2023-02-26T10:58:29 IST" name="setUp" finished-at="2023-02-26T10:58:30 IST" duration-ms="1536" status="PASS">
          <reporter-output>
          </reporter-output>
        </test-method> <!-- setUp -->
        <test-method signature="testPushpaMovieDetails()[pri:0, instance:TestCode.ExctractText@1afd44cb]" started-at="2023-02-26T10:58:30 IST" name="testPushpaMovieDetails" finished-at="2023-02-26T10:58:39 IST" duration-ms="8261" status="PASS">
          <reporter-output>
          </reporter-output>
        </test-method> <!-- testPushpaMovieDetails -->
        <test-method is-config="true" signature="tearDown()[pri:0, instance:TestCode.ExctractText@1afd44cb]" started-at="2023-02-26T10:58:39 IST" name="tearDown" finished-at="2023-02-26T10:58:39 IST" duration-ms="126" status="PASS">
          <reporter-output>
          </reporter-output>
        </test-method> <!-- tearDown -->
      </class> <!-- TestCode.ExctractText -->
    </test> <!-- Default test -->
  </suite> <!-- Default suite -->
</testng-results>
